{"logLevel":"debug","message":"multithreading is set to false"}
{"logLevel":"debug","message":"Using reflection to scan dependencies for gauge implementations..."}
log4j:WARN No appenders could be found for logger (io.grpc.netty.shaded.io.netty.util.internal.logging.InternalLoggerFactory).
log4j:WARN Please initialize the log4j system properly.
log4j:WARN See http://logging.apache.org/log4j/1.2/faq.html#noconfig for more info.
{"logLevel":"debug","message":"gauge-java took 1382milliseconds to load and scan. This should be less than 'runner_connection_timeout' config value."}
{"logLevel":"debug","message":"run 'gauge config runner_connection_timeout' and verify that it is < 1382"}
{"logLevel":"debug","message":"starting gRPC server..."}
{"logLevel":"debug","message":"started gRPC server on port 51248"}
{"logLevel":"info","message":"Listening on port:51248"}
{"logLevel":"debug","message":"Scanning packages for steps"}
{"logLevel":"debug","message":"Comparing 'StepImplementation.clickBYxpath' and 'StartPage$StepImplementation.clickBYxpath'"}
{"logLevel":"debug","message":"Loading {} xpath li elemente tıklavia reflected sources."}
{"logLevel":"debug","message":"Comparing 'StepImplementation.sendkeyBYxpath' and 'StartPage$StepImplementation.sendkeyBYxpath'"}
{"logLevel":"debug","message":"Loading {} xpath li elemente {}  değerini yazvia reflected sources."}
{"logLevel":"debug","message":"Comparing 'StepImplementation.sendkeyBYid' and 'StartPage$StepImplementation.sendkeyBYid'"}
{"logLevel":"debug","message":"Loading {} id li elemente {}  değerini yazvia reflected sources."}
{"logLevel":"debug","message":"Comparing 'StepImplementation.CheckElement' and 'StartPage$StepImplementation.CheckElement'"}
{"logLevel":"debug","message":"Loading {} id li element {} değerini  içerdiğini kontrol etvia reflected sources."}
{"logLevel":"debug","message":"Comparing 'StepImplementation.waitForSeceond' and 'StartPage$StepImplementation.waitForSeceond'"}
{"logLevel":"debug","message":"Loading {} saniye beklevia reflected sources."}
{"logLevel":"debug","message":"Comparing 'StepImplementation.AccountInfoButton' and 'StartPage$StepImplementation.AccountInfoButton'"}
{"logLevel":"debug","message":"Loading Hesabım butonuna tıklavia reflected sources."}
{"logLevel":"debug","message":"Comparing 'StepImplementation.clickBYid' and 'StartPage$StepImplementation.clickBYid'"}
{"logLevel":"debug","message":"Loading {} id li elemente tıklavia reflected sources."}
{"logLevel":"debug","message":"Scanning packages for hooks"}
{"logLevel":"debug","message":"Scanned steps (using static parsing + reflections): "}
{"logLevel":"debug","message":"\tHesabım butonuna tıkla : public void AccountInfoButton() throws InterruptedException"}
{"logLevel":"debug","message":"\t{} xpath li elemente {}  değerini yaz : public void sendkeyBYxpath(String key, String text)"}
{"logLevel":"debug","message":"\t{} id li element {} değerini  içerdiğini kontrol et : public void CheckElement(String key, String text)"}
{"logLevel":"debug","message":"\t{} id li elemente tıkla : public void clickBYid(String key)"}
{"logLevel":"debug","message":"\t{} saniye bekle : public void waitForSeceond(ınt number) throws InterruptedException"}
{"logLevel":"debug","message":"\t{} xpath li elemente tıkla : public void clickBYxpath(String key)"}
{"logLevel":"debug","message":"\t{} id li elemente {}  değerini yaz : public void sendkeyBYid(String key, String text)"}
{"logLevel":"debug","message":"Killing Java runner..."}
{"logLevel":"debug","message":"Stopping execution pool..."}
{"logLevel":"debug","message":"Shutting down grpc server..."}
{"logLevel":"debug","message":"Runner killed gracefully."}
