{"logLevel":"debug","message":"multithreading is set to false"}
{"logLevel":"debug","message":"Using reflection to scan dependencies for gauge implementations..."}
log4j:WARN No appenders could be found for logger (io.grpc.netty.shaded.io.netty.util.internal.logging.InternalLoggerFactory).
log4j:WARN Please initialize the log4j system properly.
log4j:WARN See http://logging.apache.org/log4j/1.2/faq.html#noconfig for more info.
{"logLevel":"debug","message":"gauge-java took 1202milliseconds to load and scan. This should be less than 'runner_connection_timeout' config value."}
{"logLevel":"debug","message":"run 'gauge config runner_connection_timeout' and verify that it is < 1202"}
{"logLevel":"debug","message":"starting gRPC server..."}
{"logLevel":"debug","message":"started gRPC server on port 55769"}
{"logLevel":"info","message":"Listening on port:55769"}
{"logLevel":"debug","message":"Scanning packages for steps"}
{"logLevel":"debug","message":"Comparing 'StepImplementation.clickBYxpath' and 'StepImplementation.clickBYxpath'"}
{"logLevel":"debug","message":"Found {} xpath li elemente tıkla in current project scope."}
{"logLevel":"debug","message":"Comparing 'StepImplementation.sendkeyBYid' and 'StepImplementation.sendkeyBYid'"}
{"logLevel":"debug","message":"Found {} id li elemente {}  değerini yaz in current project scope."}
{"logLevel":"debug","message":"Comparing 'StepImplementation.sendkeyBYxpath' and 'StepImplementation.sendkeyBYxpath'"}
{"logLevel":"debug","message":"Found {} xpath li elemente {}  değerini yaz in current project scope."}
{"logLevel":"debug","message":"Comparing 'StepImplementation.CheckElement' and 'StepImplementation.CheckElement'"}
{"logLevel":"debug","message":"Found {} id li element {} değerini  içerdiğini kontrol et in current project scope."}
{"logLevel":"debug","message":"Comparing 'StepImplementation.waitForSeceond' and 'StepImplementation.waitForSeceond'"}
{"logLevel":"debug","message":"Found {} saniye bekle in current project scope."}
{"logLevel":"debug","message":"Comparing 'StepImplementation.clickBYid' and 'StepImplementation.clickBYid'"}
{"logLevel":"debug","message":"Found {} id li elemente tıkla in current project scope."}
{"logLevel":"debug","message":"Scanning packages for hooks"}
{"logLevel":"debug","message":"Scanned steps (using static parsing + reflections): "}
{"logLevel":"debug","message":"\t{} xpath li elemente {}  değerini yaz : public void sendkeyBYxpath(String key, String text)"}
{"logLevel":"debug","message":"\t{} id li element {} değerini  içerdiğini kontrol et : public void CheckElement(String key, String text)"}
{"logLevel":"debug","message":"\t{} id li elemente tıkla : public void clickBYid(String key) throws InterruptedException"}
{"logLevel":"debug","message":"\t{} saniye bekle : public void waitForSeceond(ınt number) throws InterruptedException"}
{"logLevel":"debug","message":"\t{} xpath li elemente tıkla : public void clickBYxpath(String key)"}
{"logLevel":"debug","message":"\t{} id li elemente {}  değerini yaz : public void sendkeyBYid(String key, String text)"}
!!!!!!!!!!!!!!!!!!!!!!!!!!!Test baslıyor!!!!!!!!!!!!!!!!!!!!!!!!!!!!!
!!!!!!!!!!!!!!!!!!!!!!!!!!!!!!!!!!!!
{"logLevel":"debug","message":"Executing '{} id li elemente tıkla' using 'class StepImplementation.clickBYid"}
{"logLevel":"debug","message":"Executing '{} id li elemente tıkla' using 'class StepImplementation.clickBYid"}
{"logLevel":"debug","message":"Executing '{} id li elemente tıkla' using 'class StepImplementation.clickBYid"}
{"logLevel":"debug","message":"Executing '{} id li elemente tıkla' using 'class StepImplementation.clickBYid"}
{"logLevel":"debug","message":"Executing '{} id li elemente tıkla' using 'class StepImplementation.clickBYid"}
{"logLevel":"debug","message":"Executing '{} id li elemente {}  değerini yaz' using 'class StepImplementation.sendkeyBYid"}
{"logLevel":"debug","message":"Executing '{} xpath li elemente tıkla' using 'class StepImplementation.clickBYxpath"}
{"logLevel":"debug","message":"Executing '{} id li elemente tıkla' using 'class StepImplementation.clickBYid"}
{"logLevel":"debug","message":"Executing '{} id li elemente {}  değerini yaz' using 'class StepImplementation.sendkeyBYid"}
{"logLevel":"debug","message":"Executing '{} xpath li elemente tıkla' using 'class StepImplementation.clickBYxpath"}
{"logLevel":"debug","message":"Executing '{} id li elemente tıkla' using 'class StepImplementation.clickBYid"}
{"logLevel":"debug","message":"Executing '{} xpath li elemente tıkla' using 'class StepImplementation.clickBYxpath"}
{"logLevel":"debug","message":"Executing '{} id li elemente tıkla' using 'class StepImplementation.clickBYid"}
{"logLevel":"debug","message":"Killing Java runner..."}
{"logLevel":"debug","message":"Stopping execution pool..."}
{"logLevel":"debug","message":"Shutting down grpc server..."}
{"logLevel":"debug","message":"Runner killed gracefully."}
