17-06-2021 18:33:00.662 [Gauge] [INFO] Watching directory: C:\Users\SONER\Desktop\AppiumOdev\Education\specs
17-06-2021 18:33:00.664 [Gauge] [DEBUG] Found 5 files
17-06-2021 18:33:00.670 [Gauge] [INFO] Initializing concepts cache with 4 concepts
17-06-2021 18:33:00.670 [Gauge] [DEBUG] Adding concepts from C:\Users\SONER\Desktop\AppiumOdev\Education\specs\checkandget.cpt
17-06-2021 18:33:00.670 [Gauge] [DEBUG] Adding concepts from C:\Users\SONER\Desktop\AppiumOdev\Education\specs\increasepassenger.cpt
17-06-2021 18:33:00.670 [Gauge] [DEBUG] Adding concepts from C:\Users\SONER\Desktop\AppiumOdev\Education\specs\locationsetting.cpt
17-06-2021 18:33:00.670 [Gauge] [DEBUG] Adding concepts from C:\Users\SONER\Desktop\AppiumOdev\Education\specs\starting.cpt
17-06-2021 18:33:00.673 [Gauge] [INFO] Initializing specs cache with 1 specs
17-06-2021 18:33:00.673 [Gauge] [DEBUG] Adding specs from C:\Users\SONER\Desktop\AppiumOdev\Education\specs\main.spec
17-06-2021 18:33:00.673 [Gauge] [INFO] Initializing steps cache with 5 steps
17-06-2021 18:33:00.673 [Gauge] [INFO] Gauge daemon initialized and listening on port: 55983
17-06-2021 18:33:34.866 [Gauge] [DEBUG] Api Request Received: messageType:GetStepValueRequest messageId:4 stepValueRequest:{stepText:"Yolcu sayısı artır ve uçuş ara"}
17-06-2021 18:33:34.867 [Gauge] [DEBUG] Sending API response: messageType:GetStepValueResponse messageId:4 stepValueResponse:{stepValue:{stepValue:"Yolcu sayısı artır ve uçuş ara" parameterizedStepValue:"Yolcu sayısı artır ve uçuş ara"}}
17-06-2021 18:34:05.051 [Gauge] [DEBUG] Api Request Received: messageType:GetStepValueRequest messageId:4 stepValueRequest:{stepText:"\"com.turkishairlines.mobile:id/frDashboard_tvOneWay\" id li elemente tıkla"}
17-06-2021 18:34:05.051 [Gauge] [DEBUG] Sending API response: messageType:GetStepValueResponse messageId:4 stepValueResponse:{stepValue:{stepValue:"{} id li elemente tıkla" parameterizedStepValue:"<com.turkishairlines.mobile:id/frDashboard_tvOneWay> id li elemente tıkla" parameters:"com.turkishairlines.mobile:id/frDashboard_tvOneWay"}}
17-06-2021 18:34:05.133 [Gauge] [DEBUG] Api Request Received: messageType:GetStepValueRequest messageId:4 stepValueRequest:{stepText:"<key> id li elemente tıkla"}
17-06-2021 18:34:05.134 [Gauge] [DEBUG] Sending API response: messageType:GetStepValueResponse messageId:4 stepValueResponse:{stepValue:{stepValue:"{} id li elemente tıkla" parameterizedStepValue:"<key> id li elemente tıkla" parameters:"key"}}
17-06-2021 18:34:05.136 [Gauge] [DEBUG] Api Request Received: messageType:GetStepValueRequest messageId:4 stepValueRequest:{stepText:"\"1\" saniye bekle"}
17-06-2021 18:34:05.137 [Gauge] [DEBUG] Sending API response: messageType:GetStepValueResponse messageId:4 stepValueResponse:{stepValue:{stepValue:"{} saniye bekle" parameterizedStepValue:"<1> saniye bekle" parameters:"1"}}
17-06-2021 18:34:05.138 [Gauge] [DEBUG] Api Request Received: messageType:GetStepValueRequest messageId:4 stepValueRequest:{stepText:"<key> id li elemente <text>  değerini yaz"}
17-06-2021 18:34:05.139 [Gauge] [DEBUG] Sending API response: messageType:GetStepValueResponse messageId:4 stepValueResponse:{stepValue:{stepValue:"{} id li elemente {}  değerini yaz" parameterizedStepValue:"<key> id li elemente <text>  değerini yaz" parameters:"key" parameters:"text"}}
17-06-2021 18:34:05.139 [Gauge] [DEBUG] Api Request Received: messageType:GetStepValueRequest messageId:4 stepValueRequest:{stepText:"<key> xpath li elemente tıkla"}
17-06-2021 18:34:05.139 [Gauge] [DEBUG] Sending API response: messageType:GetStepValueResponse messageId:4 stepValueResponse:{stepValue:{stepValue:"{} xpath li elemente tıkla" parameterizedStepValue:"<key> xpath li elemente tıkla" parameters:"key"}}
17-06-2021 18:34:05.140 [Gauge] [DEBUG] Api Request Received: messageType:GetStepValueRequest messageId:4 stepValueRequest:{stepText:"<number> saniye bekle"}
17-06-2021 18:34:05.140 [Gauge] [DEBUG] Sending API response: messageType:GetStepValueResponse messageId:4 stepValueResponse:{stepValue:{stepValue:"{} saniye bekle" parameterizedStepValue:"<number> saniye bekle" parameters:"number"}}
17-06-2021 18:34:05.144 [Gauge] [DEBUG] Api Request Received: messageType:GetStepValueRequest messageId:4 stepValueRequest:{stepText:"\"com.turkishairlines.mobile:id/frDashboard_llFrom\" id li elemente tıkla"}
17-06-2021 18:34:05.145 [Gauge] [DEBUG] Sending API response: messageType:GetStepValueResponse messageId:4 stepValueResponse:{stepValue:{stepValue:"{} id li elemente tıkla" parameterizedStepValue:"<com.turkishairlines.mobile:id/frDashboard_llFrom> id li elemente tıkla" parameters:"com.turkishairlines.mobile:id/frDashboard_llFrom"}}
17-06-2021 18:34:05.151 [Gauge] [DEBUG] Api Request Received: messageType:GetStepValueRequest messageId:4 stepValueRequest:{stepText:"\"com.turkishairlines.mobile:id/frAirportSelection_etSearch\" id li elemente \"SAW\"  değerini yaz"}
17-06-2021 18:34:05.152 [Gauge] [DEBUG] Sending API response: messageType:GetStepValueResponse messageId:4 stepValueResponse:{stepValue:{stepValue:"{} id li elemente {}  değerini yaz" parameterizedStepValue:"<com.turkishairlines.mobile:id/frAirportSelection_etSearch> id li elemente <SAW>  değerini yaz" parameters:"com.turkishairlines.mobile:id/frAirportSelection_etSearch" parameters:"SAW"}}
17-06-2021 18:34:05.155 [Gauge] [DEBUG] Api Request Received: messageType:GetStepValueRequest messageId:4 stepValueRequest:{stepText:"\"//*[@text='Istanbul, Turkey']\" xpath li elemente tıkla"}
17-06-2021 18:34:05.156 [Gauge] [DEBUG] Sending API response: messageType:GetStepValueResponse messageId:4 stepValueResponse:{stepValue:{stepValue:"{} xpath li elemente tıkla" parameterizedStepValue:"<//*[@text='Istanbul, Turkey']> xpath li elemente tıkla" parameters:"//*[@text='Istanbul, Turkey']"}}
17-06-2021 18:34:05.159 [Gauge] [DEBUG] Api Request Received: messageType:GetStepValueRequest messageId:4 stepValueRequest:{stepText:"\"com.turkishairlines.mobile:id/frDashboard_llTo\" id li elemente tıkla"}
17-06-2021 18:34:05.160 [Gauge] [DEBUG] Sending API response: messageType:GetStepValueResponse messageId:4 stepValueResponse:{stepValue:{stepValue:"{} id li elemente tıkla" parameterizedStepValue:"<com.turkishairlines.mobile:id/frDashboard_llTo> id li elemente tıkla" parameters:"com.turkishairlines.mobile:id/frDashboard_llTo"}}
17-06-2021 18:34:05.164 [Gauge] [DEBUG] Api Request Received: messageType:GetStepValueRequest messageId:4 stepValueRequest:{stepText:"\"com.turkishairlines.mobile:id/frAirportSelection_etSearch\" id li elemente \"ESB\"  değerini yaz"}
17-06-2021 18:34:05.165 [Gauge] [DEBUG] Sending API response: messageType:GetStepValueResponse messageId:4 stepValueResponse:{stepValue:{stepValue:"{} id li elemente {}  değerini yaz" parameterizedStepValue:"<com.turkishairlines.mobile:id/frAirportSelection_etSearch> id li elemente <ESB>  değerini yaz" parameters:"com.turkishairlines.mobile:id/frAirportSelection_etSearch" parameters:"ESB"}}
17-06-2021 18:34:05.166 [Gauge] [DEBUG] Api Request Received: messageType:GetStepValueRequest messageId:4 stepValueRequest:{stepText:"\"//*[@text='Ankara, Turkey']\" xpath li elemente tıkla"}
17-06-2021 18:34:05.167 [Gauge] [DEBUG] Sending API response: messageType:GetStepValueResponse messageId:4 stepValueResponse:{stepValue:{stepValue:"{} xpath li elemente tıkla" parameterizedStepValue:"<//*[@text='Ankara, Turkey']> xpath li elemente tıkla" parameters:"//*[@text='Ankara, Turkey']"}}
17-06-2021 18:34:06.824 [Gauge] [DEBUG] Api Request Received: messageType:GetStepValueRequest messageId:4 stepValueRequest:{stepText:"\"//*[@text='5']\" xpath li elemente tıkla"}
17-06-2021 18:34:06.825 [Gauge] [DEBUG] Sending API response: messageType:GetStepValueResponse messageId:4 stepValueResponse:{stepValue:{stepValue:"{} xpath li elemente tıkla" parameterizedStepValue:"<//*[@text='5']> xpath li elemente tıkla" parameters:"//*[@text='5']"}}
17-06-2021 18:34:06.832 [Gauge] [DEBUG] Api Request Received: messageType:GetStepValueRequest messageId:4 stepValueRequest:{stepText:"\"com.turkishairlines.mobile:id/frDashboard_btnSearch\" id li elemente tıkla"}
17-06-2021 18:34:06.832 [Gauge] [DEBUG] Sending API response: messageType:GetStepValueResponse messageId:4 stepValueResponse:{stepValue:{stepValue:"{} id li elemente tıkla" parameterizedStepValue:"<com.turkishairlines.mobile:id/frDashboard_btnSearch> id li elemente tıkla" parameters:"com.turkishairlines.mobile:id/frDashboard_btnSearch"}}
17-06-2021 18:34:14.372 [Gauge] [DEBUG] Api Request Received: messageType:GetStepValueRequest messageId:4 stepValueRequest:{stepText:"\"5\" saniye bekle"}
17-06-2021 18:34:14.372 [Gauge] [DEBUG] Sending API response: messageType:GetStepValueResponse messageId:4 stepValueResponse:{stepValue:{stepValue:"{} saniye bekle" parameterizedStepValue:"<5> saniye bekle" parameters:"5"}}
17-06-2021 18:34:14.379 [Gauge] [DEBUG] Api Request Received: messageType:GetStepValueRequest messageId:4 stepValueRequest:{stepText:"\"com.turkishairlines.mobile:id/frFlightSearch_rlSortAndFilter\" id li element \"SORT AND FILTER\" değerini  içerdiğini kontrol et"}
17-06-2021 18:34:14.379 [Gauge] [DEBUG] Sending API response: messageType:GetStepValueResponse messageId:4 stepValueResponse:{stepValue:{stepValue:"{} id li element {} değerini  içerdiğini kontrol et" parameterizedStepValue:"<com.turkishairlines.mobile:id/frFlightSearch_rlSortAndFilter> id li element <SORT AND FILTER> değerini  içerdiğini kontrol et" parameters:"com.turkishairlines.mobile:id/frFlightSearch_rlSortAndFilter" parameters:"SORT AND FILTER"}}
17-06-2021 18:34:14.381 [Gauge] [DEBUG] Api Request Received: messageType:GetStepValueRequest messageId:4 stepValueRequest:{stepText:"<key> id li element <text> değerini  içerdiğini kontrol et"}
17-06-2021 18:34:14.382 [Gauge] [DEBUG] Sending API response: messageType:GetStepValueResponse messageId:4 stepValueResponse:{stepValue:{stepValue:"{} id li element {} değerini  içerdiğini kontrol et" parameterizedStepValue:"<key> id li element <text> değerini  içerdiğini kontrol et" parameters:"key" parameters:"text"}}
17-06-2021 18:34:14.386 [Gauge] [DEBUG] Api Request Received: messageType:GetStepValueRequest messageId:4 stepValueRequest:{stepText:"\"/hierarchy/android.widget.FrameLayout/android.widget.LinearLayout/android.widget.FrameLayout/android.widget.LinearLayout/android.widget.FrameLayout/androidx.drawerlayout.widget.DrawerLayout/android.view.ViewGroup/android.widget.LinearLayout/android.widget.FrameLayout/android.widget.RelativeLayout/androidx.recyclerview.widget.RecyclerView[2]/android.view.ViewGroup[1]/android.widget.FrameLayout/android.view.ViewGroup/android.view.ViewGroup/android.view.View\" xpath li elemente tıkla"}
17-06-2021 18:34:14.388 [Gauge] [DEBUG] Sending API response: messageType:GetStepValueResponse messageId:4 stepValueResponse:{stepValue:{stepValue:"{} xpath li elemente tıkla" parameterizedStepValue:"</hierarchy/android.widget.FrameLayout/android.widget.LinearLayout/android.widget.FrameLayout/android.widget.LinearLayout/android.widget.FrameLayout/androidx.drawerlayout.widget.DrawerLayout/android.view.ViewGroup/android.widget.LinearLayout/android.widget.FrameLayout/android.widget.RelativeLayout/androidx.recyclerview.widget.RecyclerView[2]/android.view.ViewGroup[1]/android.widget.FrameLayout/android.view.ViewGroup/android.view.ViewGroup/android.view.View> xpath li elemente tıkla" parameters:"/hierarchy/android.widget.FrameLayout/android.widget.LinearLayout/android.widget.FrameLayout/android.widget.LinearLayout/android.widget.FrameLayout/androidx.drawerlayout.widget.DrawerLayout/android.view.ViewGroup/android.widget.LinearLayout/android.widget.FrameLayout/android.widget.RelativeLayout/androidx.recyclerview.widget.RecyclerView[2]/android.view.ViewGroup[1]/android.widget.FrameLayout/android.view.ViewGroup/android.view.ViewGroup/android.view.View"}}
17-06-2021 18:34:14.390 [Gauge] [DEBUG] Api Request Received: messageType:GetStepValueRequest messageId:4 stepValueRequest:{stepText:"\"/hierarchy/android.widget.FrameLayout/android.widget.LinearLayout/android.widget.FrameLayout/android.widget.LinearLayout/android.widget.FrameLayout/androidx.drawerlayout.widget.DrawerLayout/android.view.ViewGroup/android.widget.LinearLayout/android.widget.FrameLayout/android.widget.RelativeLayout/androidx.recyclerview.widget.RecyclerView[2]/android.view.ViewGroup[1]/android.widget.FrameLayout[2]/android.widget.LinearLayout/androidx.recyclerview.widget.RecyclerView/android.view.ViewGroup[1]/android.widget.FrameLayout/android.view.ViewGroup/android.widget.TextView[1]\" xpath li elemente tıkla"}
17-06-2021 18:34:14.390 [Gauge] [DEBUG] Sending API response: messageType:GetStepValueResponse messageId:4 stepValueResponse:{stepValue:{stepValue:"{} xpath li elemente tıkla" parameterizedStepValue:"</hierarchy/android.widget.FrameLayout/android.widget.LinearLayout/android.widget.FrameLayout/android.widget.LinearLayout/android.widget.FrameLayout/androidx.drawerlayout.widget.DrawerLayout/android.view.ViewGroup/android.widget.LinearLayout/android.widget.FrameLayout/android.widget.RelativeLayout/androidx.recyclerview.widget.RecyclerView[2]/android.view.ViewGroup[1]/android.widget.FrameLayout[2]/android.widget.LinearLayout/androidx.recyclerview.widget.RecyclerView/android.view.ViewGroup[1]/android.widget.FrameLayout/android.view.ViewGroup/android.widget.TextView[1]> xpath li elemente tıkla" parameters:"/hierarchy/android.widget.FrameLayout/android.widget.LinearLayout/android.widget.FrameLayout/android.widget.LinearLayout/android.widget.FrameLayout/androidx.drawerlayout.widget.DrawerLayout/android.view.ViewGroup/android.widget.LinearLayout/android.widget.FrameLayout/android.widget.RelativeLayout/androidx.recyclerview.widget.RecyclerView[2]/android.view.ViewGroup[1]/android.widget.FrameLayout[2]/android.widget.LinearLayout/androidx.recyclerview.widget.RecyclerView/android.view.ViewGroup[1]/android.widget.FrameLayout/android.view.ViewGroup/android.widget.TextView[1]"}}
17-06-2021 18:34:14.391 [Gauge] [DEBUG] Api Request Received: messageType:GetStepValueRequest messageId:4 stepValueRequest:{stepText:"\"com.turkishairlines.mobile:id/frFlightSearch_btnContinue\" id li elemente tıkla"}
17-06-2021 18:34:14.391 [Gauge] [DEBUG] Sending API response: messageType:GetStepValueResponse messageId:4 stepValueResponse:{stepValue:{stepValue:"{} id li elemente tıkla" parameterizedStepValue:"<com.turkishairlines.mobile:id/frFlightSearch_btnContinue> id li elemente tıkla" parameters:"com.turkishairlines.mobile:id/frFlightSearch_btnContinue"}}
17-06-2021 18:34:14.392 [Gauge] [DEBUG] Api Request Received: messageType:GetStepValueRequest messageId:4 stepValueRequest:{stepText:"\"2\" saniye bekle"}
17-06-2021 18:34:14.392 [Gauge] [DEBUG] Sending API response: messageType:GetStepValueResponse messageId:4 stepValueResponse:{stepValue:{stepValue:"{} saniye bekle" parameterizedStepValue:"<2> saniye bekle" parameters:"2"}}
17-06-2021 18:34:21.074 [Gauge] [DEBUG] Api Request Received: messageType:GetStepValueRequest messageId:4 stepValueRequest:{stepText:"* \"com.android.packageinstaller:id/permission_allow_button\" id li elemente tıkla"}
17-06-2021 18:34:21.075 [Gauge] [DEBUG] Sending API response: messageType:GetStepValueResponse messageId:4 stepValueResponse:{stepValue:{stepValue:"* {} id li elemente tıkla" parameterizedStepValue:"* <com.android.packageinstaller:id/permission_allow_button> id li elemente tıkla" parameters:"com.android.packageinstaller:id/permission_allow_button"}}
17-06-2021 18:34:21.075 [Gauge] [DEBUG] Api Request Received: messageType:GetStepValueRequest messageId:4 stepValueRequest:{stepText:"* \"5\" saniye bekle"}
17-06-2021 18:34:21.076 [Gauge] [DEBUG] Sending API response: messageType:GetStepValueResponse messageId:4 stepValueResponse:{stepValue:{stepValue:"* {} saniye bekle" parameterizedStepValue:"* <5> saniye bekle" parameters:"5"}}
17-06-2021 18:34:21.078 [Gauge] [DEBUG] Api Request Received: messageType:GetStepValueRequest messageId:4 stepValueRequest:{stepText:"* \"com.turkishairlines.mobile:id/frPrivacy_btnAccept\" id li elemente tıkla"}
17-06-2021 18:34:21.078 [Gauge] [DEBUG] Sending API response: messageType:GetStepValueResponse messageId:4 stepValueResponse:{stepValue:{stepValue:"* {} id li elemente tıkla" parameterizedStepValue:"* <com.turkishairlines.mobile:id/frPrivacy_btnAccept> id li elemente tıkla" parameters:"com.turkishairlines.mobile:id/frPrivacy_btnAccept"}}
17-06-2021 18:34:21.079 [Gauge] [DEBUG] Api Request Received: messageType:GetStepValueRequest messageId:4 stepValueRequest:{stepText:"* \"com.turkishairlines.mobile:id/acMain_btnBooking\" id li elemente tıkla"}
17-06-2021 18:34:21.079 [Gauge] [DEBUG] Sending API response: messageType:GetStepValueResponse messageId:4 stepValueResponse:{stepValue:{stepValue:"* {} id li elemente tıkla" parameterizedStepValue:"* <com.turkishairlines.mobile:id/acMain_btnBooking> id li elemente tıkla" parameters:"com.turkishairlines.mobile:id/acMain_btnBooking"}}
17-06-2021 18:34:21.079 [Gauge] [DEBUG] Api Request Received: messageType:GetStepValueRequest messageId:4 stepValueRequest:{stepText:"* \"2\" saniye bekle"}
17-06-2021 18:34:21.079 [Gauge] [DEBUG] Sending API response: messageType:GetStepValueResponse messageId:4 stepValueResponse:{stepValue:{stepValue:"* {} saniye bekle" parameterizedStepValue:"* <2> saniye bekle" parameters:"2"}}
17-06-2021 18:34:21.080 [Gauge] [DEBUG] Api Request Received: messageType:GetStepValueRequest messageId:4 stepValueRequest:{stepText:"* \"com.turkishairlines.mobile:id/frDashboard_tvOneWay\" id li elemente tıkla"}
17-06-2021 18:34:21.080 [Gauge] [DEBUG] Sending API response: messageType:GetStepValueResponse messageId:4 stepValueResponse:{stepValue:{stepValue:"* {} id li elemente tıkla" parameterizedStepValue:"* <com.turkishairlines.mobile:id/frDashboard_tvOneWay> id li elemente tıkla" parameters:"com.turkishairlines.mobile:id/frDashboard_tvOneWay"}}
17-06-2021 18:34:21.080 [Gauge] [DEBUG] Api Request Received: messageType:GetStepValueRequest messageId:4 stepValueRequest:{stepText:"* \"1\" saniye bekle"}
17-06-2021 18:34:21.080 [Gauge] [DEBUG] Sending API response: messageType:GetStepValueResponse messageId:4 stepValueResponse:{stepValue:{stepValue:"* {} saniye bekle" parameterizedStepValue:"* <1> saniye bekle" parameters:"1"}}
17-06-2021 18:34:21.081 [Gauge] [DEBUG] Api Request Received: messageType:GetStepValueRequest messageId:4 stepValueRequest:{stepText:"* \"com.turkishairlines.mobile:id/frDashboard_llFrom\" id li elemente tıkla"}
17-06-2021 18:34:21.081 [Gauge] [DEBUG] Sending API response: messageType:GetStepValueResponse messageId:4 stepValueResponse:{stepValue:{stepValue:"* {} id li elemente tıkla" parameterizedStepValue:"* <com.turkishairlines.mobile:id/frDashboard_llFrom> id li elemente tıkla" parameters:"com.turkishairlines.mobile:id/frDashboard_llFrom"}}
17-06-2021 18:34:21.082 [Gauge] [DEBUG] Api Request Received: messageType:GetStepValueRequest messageId:4 stepValueRequest:{stepText:"* \"com.turkishairlines.mobile:id/frAirportSelection_etSearch\" id li elemente \"SAW\"  değerini yaz"}
17-06-2021 18:34:21.082 [Gauge] [DEBUG] Sending API response: messageType:GetStepValueResponse messageId:4 stepValueResponse:{stepValue:{stepValue:"* {} id li elemente {}  değerini yaz" parameterizedStepValue:"* <com.turkishairlines.mobile:id/frAirportSelection_etSearch> id li elemente <SAW>  değerini yaz" parameters:"com.turkishairlines.mobile:id/frAirportSelection_etSearch" parameters:"SAW"}}
17-06-2021 18:34:21.082 [Gauge] [DEBUG] Api Request Received: messageType:GetStepValueRequest messageId:4 stepValueRequest:{stepText:"* \"//*[@text='Istanbul, Turkey']\" xpath li elemente tıkla"}
17-06-2021 18:34:21.084 [Gauge] [DEBUG] Sending API response: messageType:GetStepValueResponse messageId:4 stepValueResponse:{stepValue:{stepValue:"* {} xpath li elemente tıkla" parameterizedStepValue:"* <//*[@text='Istanbul, Turkey']> xpath li elemente tıkla" parameters:"//*[@text='Istanbul, Turkey']"}}
17-06-2021 18:34:21.084 [Gauge] [DEBUG] Api Request Received: messageType:GetStepValueRequest messageId:4 stepValueRequest:{stepText:"* \"com.turkishairlines.mobile:id/frDashboard_llTo\" id li elemente tıkla"}
17-06-2021 18:34:21.086 [Gauge] [DEBUG] Sending API response: messageType:GetStepValueResponse messageId:4 stepValueResponse:{stepValue:{stepValue:"* {} id li elemente tıkla" parameterizedStepValue:"* <com.turkishairlines.mobile:id/frDashboard_llTo> id li elemente tıkla" parameters:"com.turkishairlines.mobile:id/frDashboard_llTo"}}
17-06-2021 18:34:21.087 [Gauge] [DEBUG] Api Request Received: messageType:GetStepValueRequest messageId:4 stepValueRequest:{stepText:"* \"com.turkishairlines.mobile:id/frAirportSelection_etSearch\" id li elemente \"ESB\"  değerini yaz"}
17-06-2021 18:34:21.088 [Gauge] [DEBUG] Sending API response: messageType:GetStepValueResponse messageId:4 stepValueResponse:{stepValue:{stepValue:"* {} id li elemente {}  değerini yaz" parameterizedStepValue:"* <com.turkishairlines.mobile:id/frAirportSelection_etSearch> id li elemente <ESB>  değerini yaz" parameters:"com.turkishairlines.mobile:id/frAirportSelection_etSearch" parameters:"ESB"}}
17-06-2021 18:34:21.088 [Gauge] [DEBUG] Api Request Received: messageType:GetStepValueRequest messageId:4 stepValueRequest:{stepText:"*  \"//*[@text='Ankara, Turkey']\" xpath li elemente tıkla"}
17-06-2021 18:34:21.088 [Gauge] [DEBUG] Sending API response: messageType:GetStepValueResponse messageId:4 stepValueResponse:{stepValue:{stepValue:"*  {} xpath li elemente tıkla" parameterizedStepValue:"*  <//*[@text='Ankara, Turkey']> xpath li elemente tıkla" parameters:"//*[@text='Ankara, Turkey']"}}
17-06-2021 18:34:21.089 [Gauge] [DEBUG] Api Request Received: messageType:GetStepValueRequest messageId:4 stepValueRequest:{stepText:"* \"com.turkishairlines.mobile:id/frFlightSearch_rlSortAndFilter\" id li element \"SORT AND FILTER\" değerini  içerdiğini kontrol et"}
17-06-2021 18:34:21.092 [Gauge] [DEBUG] Sending API response: messageType:GetStepValueResponse messageId:4 stepValueResponse:{stepValue:{stepValue:"* {} id li element {} değerini  içerdiğini kontrol et" parameterizedStepValue:"* <com.turkishairlines.mobile:id/frFlightSearch_rlSortAndFilter> id li element <SORT AND FILTER> değerini  içerdiğini kontrol et" parameters:"com.turkishairlines.mobile:id/frFlightSearch_rlSortAndFilter" parameters:"SORT AND FILTER"}}
17-06-2021 18:34:21.104 [Gauge] [DEBUG] Api Request Received: messageType:GetStepValueRequest messageId:4 stepValueRequest:{stepText:"* \"/hierarchy/android.widget.FrameLayout/android.widget.LinearLayout/android.widget.FrameLayout/android.widget.LinearLayout/android.widget.FrameLayout/androidx.drawerlayout.widget.DrawerLayout/android.view.ViewGroup/android.widget.LinearLayout/android.widget.FrameLayout/android.widget.RelativeLayout/androidx.recyclerview.widget.RecyclerView[2]/android.view.ViewGroup[1]/android.widget.FrameLayout/android.view.ViewGroup/android.view.ViewGroup/android.view.View\" xpath li elemente tıkla"}
17-06-2021 18:34:21.104 [Gauge] [DEBUG] Sending API response: messageType:GetStepValueResponse messageId:4 stepValueResponse:{stepValue:{stepValue:"* {} xpath li elemente tıkla" parameterizedStepValue:"* </hierarchy/android.widget.FrameLayout/android.widget.LinearLayout/android.widget.FrameLayout/android.widget.LinearLayout/android.widget.FrameLayout/androidx.drawerlayout.widget.DrawerLayout/android.view.ViewGroup/android.widget.LinearLayout/android.widget.FrameLayout/android.widget.RelativeLayout/androidx.recyclerview.widget.RecyclerView[2]/android.view.ViewGroup[1]/android.widget.FrameLayout/android.view.ViewGroup/android.view.ViewGroup/android.view.View> xpath li elemente tıkla" parameters:"/hierarchy/android.widget.FrameLayout/android.widget.LinearLayout/android.widget.FrameLayout/android.widget.LinearLayout/android.widget.FrameLayout/androidx.drawerlayout.widget.DrawerLayout/android.view.ViewGroup/android.widget.LinearLayout/android.widget.FrameLayout/android.widget.RelativeLayout/androidx.recyclerview.widget.RecyclerView[2]/android.view.ViewGroup[1]/android.widget.FrameLayout/android.view.ViewGroup/android.view.ViewGroup/android.view.View"}}
17-06-2021 18:34:21.107 [Gauge] [DEBUG] Api Request Received: messageType:GetStepValueRequest messageId:4 stepValueRequest:{stepText:"* \"/hierarchy/android.widget.FrameLayout/android.widget.LinearLayout/android.widget.FrameLayout/android.widget.LinearLayout/android.widget.FrameLayout/androidx.drawerlayout.widget.DrawerLayout/android.view.ViewGroup/android.widget.LinearLayout/android.widget.FrameLayout/android.widget.RelativeLayout/androidx.recyclerview.widget.RecyclerView[2]/android.view.ViewGroup[1]/android.widget.FrameLayout[2]/android.widget.LinearLayout/androidx.recyclerview.widget.RecyclerView/android.view.ViewGroup[1]/android.widget.FrameLayout/android.view.ViewGroup/android.widget.TextView[1]\" xpath li elemente tıkla"}
17-06-2021 18:34:21.108 [Gauge] [DEBUG] Sending API response: messageType:GetStepValueResponse messageId:4 stepValueResponse:{stepValue:{stepValue:"* {} xpath li elemente tıkla" parameterizedStepValue:"* </hierarchy/android.widget.FrameLayout/android.widget.LinearLayout/android.widget.FrameLayout/android.widget.LinearLayout/android.widget.FrameLayout/androidx.drawerlayout.widget.DrawerLayout/android.view.ViewGroup/android.widget.LinearLayout/android.widget.FrameLayout/android.widget.RelativeLayout/androidx.recyclerview.widget.RecyclerView[2]/android.view.ViewGroup[1]/android.widget.FrameLayout[2]/android.widget.LinearLayout/androidx.recyclerview.widget.RecyclerView/android.view.ViewGroup[1]/android.widget.FrameLayout/android.view.ViewGroup/android.widget.TextView[1]> xpath li elemente tıkla" parameters:"/hierarchy/android.widget.FrameLayout/android.widget.LinearLayout/android.widget.FrameLayout/android.widget.LinearLayout/android.widget.FrameLayout/androidx.drawerlayout.widget.DrawerLayout/android.view.ViewGroup/android.widget.LinearLayout/android.widget.FrameLayout/android.widget.RelativeLayout/androidx.recyclerview.widget.RecyclerView[2]/android.view.ViewGroup[1]/android.widget.FrameLayout[2]/android.widget.LinearLayout/androidx.recyclerview.widget.RecyclerView/android.view.ViewGroup[1]/android.widget.FrameLayout/android.view.ViewGroup/android.widget.TextView[1]"}}
17-06-2021 18:34:21.123 [Gauge] [DEBUG] Api Request Received: messageType:GetStepValueRequest messageId:4 stepValueRequest:{stepText:"* \"com.turkishairlines.mobile:id/frFlightSearch_btnContinue\" id li elemente tıkla"}
17-06-2021 18:34:21.123 [Gauge] [DEBUG] Sending API response: messageType:GetStepValueResponse messageId:4 stepValueResponse:{stepValue:{stepValue:"* {} id li elemente tıkla" parameterizedStepValue:"* <com.turkishairlines.mobile:id/frFlightSearch_btnContinue> id li elemente tıkla" parameters:"com.turkishairlines.mobile:id/frFlightSearch_btnContinue"}}
17-06-2021 18:34:21.126 [Gauge] [DEBUG] Api Request Received: messageType:GetStepValueRequest messageId:4 stepValueRequest:{stepText:"* \"//*[@text='5']\" xpath li elemente tıkla"}
17-06-2021 18:34:21.128 [Gauge] [DEBUG] Sending API response: messageType:GetStepValueResponse messageId:4 stepValueResponse:{stepValue:{stepValue:"* {} xpath li elemente tıkla" parameterizedStepValue:"* <//*[@text='5']> xpath li elemente tıkla" parameters:"//*[@text='5']"}}
17-06-2021 18:34:21.129 [Gauge] [DEBUG] Api Request Received: messageType:GetStepValueRequest messageId:4 stepValueRequest:{stepText:"* \"com.turkishairlines.mobile:id/frDashboard_btnSearch\" id li elemente tıkla"}
17-06-2021 18:34:21.129 [Gauge] [DEBUG] Sending API response: messageType:GetStepValueResponse messageId:4 stepValueResponse:{stepValue:{stepValue:"* {} id li elemente tıkla" parameterizedStepValue:"* <com.turkishairlines.mobile:id/frDashboard_btnSearch> id li elemente tıkla" parameters:"com.turkishairlines.mobile:id/frDashboard_btnSearch"}}
17-06-2021 18:34:21.129 [Gauge] [DEBUG] Api Request Received: messageType:GetStepValueRequest messageId:4 stepValueRequest:{stepText:"Bildirimleri kapat ve bilet al tıkla"}
17-06-2021 18:34:21.130 [Gauge] [DEBUG] Sending API response: messageType:GetStepValueResponse messageId:4 stepValueResponse:{stepValue:{stepValue:"Bildirimleri kapat ve bilet al tıkla" parameterizedStepValue:"Bildirimleri kapat ve bilet al tıkla"}}
17-06-2021 18:34:21.131 [Gauge] [DEBUG] Api Request Received: messageType:GetStepValueRequest messageId:4 stepValueRequest:{stepText:"Yön seçimini yap"}
17-06-2021 18:34:21.131 [Gauge] [DEBUG] Sending API response: messageType:GetStepValueResponse messageId:4 stepValueResponse:{stepValue:{stepValue:"Yön seçimini yap" parameterizedStepValue:"Yön seçimini yap"}}
17-06-2021 18:34:21.131 [Gauge] [DEBUG] Api Request Received: messageType:GetStepValueRequest messageId:4 stepValueRequest:{stepText:"Uçuş listelendiğini kontrol et ve ekonomik uçuş al"}
17-06-2021 18:34:21.132 [Gauge] [DEBUG] Sending API response: messageType:GetStepValueResponse messageId:4 stepValueResponse:{stepValue:{stepValue:"Uçuş listelendiğini kontrol et ve ekonomik uçuş al" parameterizedStepValue:"Uçuş listelendiğini kontrol et ve ekonomik uçuş al"}}
17-06-2021 18:34:39.024 [Gauge] [DEBUG] Api Request Received: messageType:GetStepValueRequest messageId:4 stepValueRequest:{stepText:" Yön seçimini yap"}
17-06-2021 18:34:39.025 [Gauge] [DEBUG] Sending API response: messageType:GetStepValueResponse messageId:4 stepValueResponse:{stepValue:{stepValue:"Yön seçimini yap" parameterizedStepValue:"Yön seçimini yap"}}
17-06-2021 18:34:39.025 [Gauge] [DEBUG] Api Request Received: messageType:GetStepValueRequest messageId:4 stepValueRequest:{stepText:" Uçuş listelendiğini kontrol et ve ekonomik uçuş al"}
17-06-2021 18:34:39.025 [Gauge] [DEBUG] Sending API response: messageType:GetStepValueResponse messageId:4 stepValueResponse:{stepValue:{stepValue:"Uçuş listelendiğini kontrol et ve ekonomik uçuş al" parameterizedStepValue:"Uçuş listelendiğini kontrol et ve ekonomik uçuş al"}}
17-06-2021 18:34:39.311 [Gauge] [DEBUG] Api Request Received: messageType:GetStepValueRequest messageId:4 stepValueRequest:{stepText:" Yolcu sayısı artır ve uçuş ara"}
17-06-2021 18:34:39.311 [Gauge] [DEBUG] Sending API response: messageType:GetStepValueResponse messageId:4 stepValueResponse:{stepValue:{stepValue:"Yolcu sayısı artır ve uçuş ara" parameterizedStepValue:"Yolcu sayısı artır ve uçuş ara"}}
17-06-2021 18:34:39.312 [Gauge] [DEBUG] Api Request Received: messageType:GetStepValueRequest messageId:4 stepValueRequest:{stepText:" Bildirimleri kapat ve bilet al tıkla"}
17-06-2021 18:34:39.312 [Gauge] [DEBUG] Sending API response: messageType:GetStepValueResponse messageId:4 stepValueResponse:{stepValue:{stepValue:"Bildirimleri kapat ve bilet al tıkla" parameterizedStepValue:"Bildirimleri kapat ve bilet al tıkla"}}
17-06-2021 18:35:17.029 [Gauge] [INFO] Spec file added / modified: C:\Users\SONER\Desktop\AppiumOdev\Education\specs\main.spec
17-06-2021 18:35:17.039 [Gauge] [INFO] Spec file added / modified: C:\Users\SONER\Desktop\AppiumOdev\Education\specs\main.spec
17-06-2021 18:35:20.029 [Gauge] [INFO] Spec file added / modified: C:\Users\SONER\Desktop\AppiumOdev\Education\specs\main.spec
17-06-2021 18:35:20.030 [Gauge] [INFO] Spec file added / modified: C:\Users\SONER\Desktop\AppiumOdev\Education\specs\main.spec
17-06-2021 18:35:22.406 [Gauge] [INFO] Spec file added / modified: C:\Users\SONER\Desktop\AppiumOdev\Education\specs\main.spec
17-06-2021 18:35:22.418 [Gauge] [INFO] Spec file added / modified: C:\Users\SONER\Desktop\AppiumOdev\Education\specs\main.spec
17-06-2021 18:35:22.755 [Gauge] [INFO] Spec file added / modified: C:\Users\SONER\Desktop\AppiumOdev\Education\specs\main.spec
17-06-2021 18:35:22.765 [Gauge] [INFO] Spec file added / modified: C:\Users\SONER\Desktop\AppiumOdev\Education\specs\main.spec
17-06-2021 18:35:23.238 [Gauge] [INFO] Spec file added / modified: C:\Users\SONER\Desktop\AppiumOdev\Education\specs\main.spec
17-06-2021 18:35:23.249 [Gauge] [INFO] Spec file added / modified: C:\Users\SONER\Desktop\AppiumOdev\Education\specs\main.spec
17-06-2021 18:35:25.760 [Gauge] [INFO] Spec file added / modified: C:\Users\SONER\Desktop\AppiumOdev\Education\specs\main.spec
17-06-2021 18:35:25.763 [Gauge] [INFO] Spec file added / modified: C:\Users\SONER\Desktop\AppiumOdev\Education\specs\main.spec
